<?xml version="1.0" encoding="UTF-8"?>
<testsuite name="com.github.jtam2000.package2.Test_Package2" tests="1" skipped="0" failures="0" errors="0" timestamp="2020-08-24T20:07:19" hostname="Jasons-iMac-2.local" time="0.028">
  <properties/>
  <testcase name="test_Package1" classname="com.github.jtam2000.package2.Test_Package2" time="0.028"/>
  <system-out><![CDATA[
Hello World - Second Application in Same Project 
App Date => 8/24/20, 4:07 PM
]]></system-out>
  <system-err><![CDATA[]]></system-err>
</testsuite>
